2016/11/16 17:55:32 にビルドを開始しました。
     1>ノード 2 上のプロジェクト "C:\Users\0133752\documents\visual studio 2013\Projects\URG\URG\URG.vcxproj" (Build ターゲット)。
     1>ClCompile:
         C:\Program Files (x86)\Microsoft Visual Studio 12.0\VC\bin\CL.exe /c /I"C:\urg_library-1.2.0\include\cpp" /I"C:\urg_library-1.2.0\samples\cpp" /ZI /nologo /W3 /WX- /sdl /Od /Oy- /D WIN32 /D _DEBUG /D _CONSOLE /D _LIB /D _UNICODE /D UNICODE /Gm /EHsc /RTC1 /MDd /GS /fp:precise /Zc:wchar_t /Zc:forScope /Fo"Debug\\" /Fd"Debug\vc120.pdb" /Gd /TP /analyze- /errorReport:prompt "..\..\..\..\..\..\..\urg_library-1.2.0\samples\cpp\get_distance.cpp"
         get_distance.cpp
       Link:
         C:\Program Files (x86)\Microsoft Visual Studio 12.0\VC\bin\link.exe /ERRORREPORT:PROMPT /OUT:"C:\Users\0133752\documents\visual studio 2013\Projects\URG\Debug\URG.exe" /INCREMENTAL /NOLOGO /LIBPATH:"C:\Users\0133752\Desktop\urg_library-1.2.0\windowsexe" urg_cpp.lib ws2_32.lib setupapi.lib kernel32.lib user32.lib gdi32.lib winspool.lib comdlg32.lib advapi32.lib shell32.lib ole32.lib oleaut32.lib uuid.lib odbc32.lib odbccp32.lib /MANIFEST /MANIFESTUAC:"level='asInvoker' uiAccess='false'" /manifest:embed /DEBUG /PDB:"C:\Users\0133752\documents\visual studio 2013\Projects\URG\Debug\URG.pdb" /SUBSYSTEM:CONSOLE /TLBID:1 /DYNAMICBASE /NXCOMPAT /IMPLIB:"C:\Users\0133752\documents\visual studio 2013\Projects\URG\Debug\URG.lib" /MACHINE:X86 Debug\Connection_information.obj
         Debug\get_distance.obj
     1>urg_cpp.lib(Urg_driver.obj) : error LNK2038: '_ITERATOR_DEBUG_LEVEL' の不一致が検出されました。値 '0' が 2 の値 'Connection_information.obj' と一致しません。
     1>urg_cpp.lib(Urg_driver.obj) : error LNK2038: 'RuntimeLibrary' の不一致が検出されました。値 'MD_DynamicRelease' が MDd_DynamicDebug の値 'Connection_information.obj' と一致しません。
     1>LINK : warning LNK4098: defaultlib 'MSVCRT' は他のライブラリの使用と競合しています。/NODEFAULTLIB:library を使用してください。
     1>C:\Users\0133752\documents\visual studio 2013\Projects\URG\Debug\URG.exe : fatal error LNK1319: 2 の不一致が検出されました
     1>プロジェクト "C:\Users\0133752\documents\visual studio 2013\Projects\URG\URG\URG.vcxproj" (Build ターゲット) のビルドが終了しました -- 失敗。

ビルドに失敗しました。

経過時間 00:00:00.68
